e:\2019\anyrtc-rtmp-opensource\qtlive\debug\main.obj
e:\2019\anyrtc-rtmp-opensource\qtlive\debug\qtlive.obj
e:\2019\anyrtc-rtmp-opensource\qtlive\debug\graphicsview.obj
e:\2019\anyrtc-rtmp-opensource\qtlive\debug\moc_graphicsview.obj
e:\2019\anyrtc-rtmp-opensource\qtlive\debug\qrc_qtlive.obj
e:\2019\anyrtc-rtmp-opensource\qtlive\debug\moc_qtlive.obj
e:\2019\anyrtc-rtmp-opensource\qtlive\debug\vc140.pdb
e:\2019\anyrtc-rtmp-opensource\out\win32\debug\qtlive.ilk
e:\2019\anyrtc-rtmp-opensource\out\win32\debug\qtlive.exe
e:\2019\anyrtc-rtmp-opensource\out\win32\debug\qtlive.pdb
e:\2019\anyrtc-rtmp-opensource\qtlive\.\generatedfiles\debug\moc_qtlive.cpp
e:\2019\anyrtc-rtmp-opensource\qtlive\.\generatedfiles\debug\moc_graphicsview.cpp
e:\2019\anyrtc-rtmp-opensource\qtlive\generatedfiles\ui_graphicsview.h
e:\2019\anyrtc-rtmp-opensource\qtlive\generatedfiles\ui_qtlive.h
e:\2019\anyrtc-rtmp-opensource\qtlive\generatedfiles\qrc_qtlive.cpp
e:\2019\anyrtc-rtmp-opensource\qtlive\generatedfiles\debug\moc_qtlive.cpp
e:\2019\anyrtc-rtmp-opensource\qtlive\generatedfiles\debug\moc_graphicsview.cpp
e:\2019\anyrtc-rtmp-opensource\out\win32\debug\qtlive.lib
e:\2019\anyrtc-rtmp-opensource\out\win32\debug\qtlive.exp
e:\2019\anyrtc-rtmp-opensource\qtlive\.\generatedfiles\qrc_qtlive.cpp
e:\2019\anyrtc-rtmp-opensource\qtlive\.\generatedfiles\ui_graphicsview.h
e:\2019\anyrtc-rtmp-opensource\qtlive\.\generatedfiles\ui_qtlive.h
e:\2019\anyrtc-rtmp-opensource\qtlive\debug\qtlive.vcxprojassemblyreference.cache
e:\2019\anyrtc-rtmp-opensource\qtlive\..\out\win32\debug\qtlive.exe
e:\2019\anyrtc-rtmp-opensource\qtlive\debug\qtlive.tlog\cl.command.1.tlog
e:\2019\anyrtc-rtmp-opensource\qtlive\debug\qtlive.tlog\cl.read.1.tlog
e:\2019\anyrtc-rtmp-opensource\qtlive\debug\qtlive.tlog\cl.write.1.tlog
e:\2019\anyrtc-rtmp-opensource\qtlive\debug\qtlive.tlog\link.command.1.tlog
e:\2019\anyrtc-rtmp-opensource\qtlive\debug\qtlive.tlog\link.read.1.tlog
e:\2019\anyrtc-rtmp-opensource\qtlive\debug\qtlive.tlog\link.write.1.tlog
e:\2019\anyrtc-rtmp-opensource\qtlive\debug\qtlive.tlog\moc.read.1u.tlog
e:\2019\anyrtc-rtmp-opensource\qtlive\debug\qtlive.tlog\moc.write.1u.tlog
e:\2019\anyrtc-rtmp-opensource\qtlive\debug\qtlive.tlog\qtlive.write.1u.tlog
e:\2019\anyrtc-rtmp-opensource\qtlive\debug\qtlive.tlog\rcc.read.1u.tlog
e:\2019\anyrtc-rtmp-opensource\qtlive\debug\qtlive.tlog\rcc.write.1u.tlog
e:\2019\anyrtc-rtmp-opensource\qtlive\debug\qtlive.tlog\uic.read.1u.tlog
e:\2019\anyrtc-rtmp-opensource\qtlive\debug\qtlive.tlog\uic.write.1u.tlog
